<?xml version="1.0" encoding="UTF-8"?>
<testng-results total="1" passed="1" failed="0" skipped="0">
  <reporter-output>
  </reporter-output>
  <suite started-at="2021-04-22T11:13:19Z" name="Default suite" finished-at="2021-04-22T11:13:24Z" duration-ms="4732">
    <groups>
    </groups>
    <test started-at="2021-04-22T11:13:19Z" name="Default test" finished-at="2021-04-22T11:13:24Z" duration-ms="4732">
      <class name="com.mystore.qa.testcases.LoginPageTest">
        <test-method is-config="true" signature="setUp()[pri:0, instance:com.mystore.qa.testcases.LoginPageTest@2362f559]" started-at="2021-04-22T16:42:56Z" name="setUp" finished-at="2021-04-22T16:43:19Z" duration-ms="22474" status="PASS">
          <reporter-output>
          </reporter-output>
        </test-method> <!-- setUp -->
        <test-method signature="LogInTest()[pri:0, instance:com.mystore.qa.testcases.LoginPageTest@2362f559]" started-at="2021-04-22T16:43:19Z" name="LogInTest" finished-at="2021-04-22T16:43:24Z" duration-ms="4721" status="PASS">
          <reporter-output>
          </reporter-output>
        </test-method> <!-- LogInTest -->
        <test-method is-config="true" signature="tearDown()[pri:0, instance:com.mystore.qa.testcases.LoginPageTest@2362f559]" started-at="2021-04-22T16:43:24Z" name="tearDown" finished-at="2021-04-22T16:43:24Z" duration-ms="741" status="PASS">
          <reporter-output>
          </reporter-output>
        </test-method> <!-- tearDown -->
      </class> <!-- com.mystore.qa.testcases.LoginPageTest -->
    </test> <!-- Default test -->
  </suite> <!-- Default suite -->
</testng-results>
